#0 building with "default" instance using docker driver

#1 [internal] load build definition from Dockerfile
#1 transferring dockerfile: 1.09kB done
#1 DONE 0.0s

#2 [internal] load metadata for docker.io/library/golang:1.22-alpine
#2 DONE 1.0s

#3 [internal] load metadata for docker.io/library/alpine:3.19
#3 DONE 1.0s

#4 [internal] load .dockerignore
#4 transferring context: 2B done
#4 DONE 0.0s

#5 [internal] load build context
#5 transferring context: 251.66kB 0.0s done
#5 DONE 0.0s

#6 [stage-1 1/5] FROM docker.io/library/alpine:3.19@sha256:3be987e6cde1d07e873c012bf6cfe941e6e85d16ca5fc5b8bedc675451d2de67
#6 resolve docker.io/library/alpine:3.19@sha256:3be987e6cde1d07e873c012bf6cfe941e6e85d16ca5fc5b8bedc675451d2de67 done
#6 sha256:3be987e6cde1d07e873c012bf6cfe941e6e85d16ca5fc5b8bedc675451d2de67 8.08kB / 8.08kB done
#6 sha256:cc5c89e0981cd165d5fca56a4fea9de734e76800c61df61b61c52cc041a81f1b 1.02kB / 1.02kB done
#6 sha256:f23794abfe89e369030e97c15f8fbeda474e57780fc03926511c172ce360715b 581B / 581B done
#6 sha256:1747dece94917ce1b0256ecd60138ce4deaea1bd35dcb6b2e8afe697dd2f5b71 0B / 3.42MB 0.1s
#6 sha256:1747dece94917ce1b0256ecd60138ce4deaea1bd35dcb6b2e8afe697dd2f5b71 2.10MB / 3.42MB 0.3s
#6 sha256:1747dece94917ce1b0256ecd60138ce4deaea1bd35dcb6b2e8afe697dd2f5b71 3.42MB / 3.42MB 0.3s done
#6 extracting sha256:1747dece94917ce1b0256ecd60138ce4deaea1bd35dcb6b2e8afe697dd2f5b71 0.0s done
#6 DONE 0.4s

#7 [builder 1/8] FROM docker.io/library/golang:1.22-alpine@sha256:1699c10032ca2582ec89a24a1312d986a3f094aed3d5c1147b19880afe40e052
#7 resolve docker.io/library/golang:1.22-alpine@sha256:1699c10032ca2582ec89a24a1312d986a3f094aed3d5c1147b19880afe40e052 done
#7 sha256:1f3e46996e2966e4faa5846e56e76e3748b7315e2ded61476c24403d592134f0 3.64MB / 3.64MB 0.4s done
#7 sha256:4d75fd4b73869ed224045c010cdec78756eefb6752a5a8e4804294009eac11e9 294.90kB / 294.90kB 0.4s done
#7 sha256:1699c10032ca2582ec89a24a1312d986a3f094aed3d5c1147b19880afe40e052 10.30kB / 10.30kB done
#7 sha256:6d405dfc5fdf3a45df1529cf060b920041f52ce523487e0f36f02765af294a51 1.92kB / 1.92kB done
#7 sha256:4129f51f28c9ae5de799b958ba2aaa8f92f26cc7bf47c107891673fe4b516c03 2.08kB / 2.08kB done
#7 sha256:afa154b433c7f72db064d19e1bcfa84ee196ad29120328f6bdb2c5fbd7b8eeac 0B / 69.36MB 0.5s
#7 sha256:5f837c998576dcb54bc285997f33fcc2166dff6aa48fe3a374da92474efd5fe8 0B / 126B 0.5s
#7 extracting sha256:1f3e46996e2966e4faa5846e56e76e3748b7315e2ded61476c24403d592134f0 0.0s done
#7 extracting sha256:4d75fd4b73869ed224045c010cdec78756eefb6752a5a8e4804294009eac11e9 0.0s done
#7 sha256:4f4fb700ef54461cfa02571ae0db9a0dc1e0cdb5577484a6d75e68dc38e8acc1 0B / 32B 0.5s
#7 sha256:afa154b433c7f72db064d19e1bcfa84ee196ad29120328f6bdb2c5fbd7b8eeac 5.24MB / 69.36MB 0.7s
#7 sha256:5f837c998576dcb54bc285997f33fcc2166dff6aa48fe3a374da92474efd5fe8 126B / 126B 0.6s done
#7 sha256:4f4fb700ef54461cfa02571ae0db9a0dc1e0cdb5577484a6d75e68dc38e8acc1 32B / 32B 0.6s done
#7 sha256:afa154b433c7f72db064d19e1bcfa84ee196ad29120328f6bdb2c5fbd7b8eeac 9.44MB / 69.36MB 0.8s
#7 sha256:afa154b433c7f72db064d19e1bcfa84ee196ad29120328f6bdb2c5fbd7b8eeac 15.73MB / 69.36MB 1.0s
#7 sha256:afa154b433c7f72db064d19e1bcfa84ee196ad29120328f6bdb2c5fbd7b8eeac 24.12MB / 69.36MB 1.2s
#7 sha256:afa154b433c7f72db064d19e1bcfa84ee196ad29120328f6bdb2c5fbd7b8eeac 28.31MB / 69.36MB 1.3s
#7 sha256:afa154b433c7f72db064d19e1bcfa84ee196ad29120328f6bdb2c5fbd7b8eeac 32.51MB / 69.36MB 1.4s
#7 sha256:afa154b433c7f72db064d19e1bcfa84ee196ad29120328f6bdb2c5fbd7b8eeac 40.89MB / 69.36MB 1.6s
#7 sha256:afa154b433c7f72db064d19e1bcfa84ee196ad29120328f6bdb2c5fbd7b8eeac 45.09MB / 69.36MB 1.7s
#7 sha256:afa154b433c7f72db064d19e1bcfa84ee196ad29120328f6bdb2c5fbd7b8eeac 52.43MB / 69.36MB 1.9s
#7 sha256:afa154b433c7f72db064d19e1bcfa84ee196ad29120328f6bdb2c5fbd7b8eeac 61.87MB / 69.36MB 2.1s
#7 sha256:afa154b433c7f72db064d19e1bcfa84ee196ad29120328f6bdb2c5fbd7b8eeac 66.06MB / 69.36MB 2.2s
#7 sha256:afa154b433c7f72db064d19e1bcfa84ee196ad29120328f6bdb2c5fbd7b8eeac 69.36MB / 69.36MB 2.3s done
#7 extracting sha256:afa154b433c7f72db064d19e1bcfa84ee196ad29120328f6bdb2c5fbd7b8eeac 0.1s
#7 extracting sha256:afa154b433c7f72db064d19e1bcfa84ee196ad29120328f6bdb2c5fbd7b8eeac 1.4s done
#7 ...

#8 [stage-1 2/5] RUN apk add --no-cache ca-certificates
#8 0.109 fetch https://dl-cdn.alpinelinux.org/alpine/v3.19/main/x86_64/APKINDEX.tar.gz
#8 2.877 fetch https://dl-cdn.alpinelinux.org/alpine/v3.19/community/x86_64/APKINDEX.tar.gz
#8 3.144 (1/1) Installing ca-certificates (20250619-r0)
#8 3.173 Executing busybox-1.36.1-r19.trigger
#8 3.176 Executing ca-certificates-20250619-r0.trigger
#8 3.193 OK: 8 MiB in 16 packages
#8 DONE 3.3s

#7 [builder 1/8] FROM docker.io/library/golang:1.22-alpine@sha256:1699c10032ca2582ec89a24a1312d986a3f094aed3d5c1147b19880afe40e052
#7 extracting sha256:5f837c998576dcb54bc285997f33fcc2166dff6aa48fe3a374da92474efd5fe8 done
#7 extracting sha256:4f4fb700ef54461cfa02571ae0db9a0dc1e0cdb5577484a6d75e68dc38e8acc1
#7 extracting sha256:4f4fb700ef54461cfa02571ae0db9a0dc1e0cdb5577484a6d75e68dc38e8acc1 done
#7 DONE 3.8s

#9 [stage-1 3/5] RUN adduser -D -u 1000 docloom
#9 DONE 0.1s

#10 [builder 2/8] RUN apk add --no-cache git make
#10 0.108 fetch https://dl-cdn.alpinelinux.org/alpine/v3.21/main/x86_64/APKINDEX.tar.gz
#10 2.955 fetch https://dl-cdn.alpinelinux.org/alpine/v3.21/community/x86_64/APKINDEX.tar.gz
#10 3.338 (1/13) Installing brotli-libs (1.1.0-r2)
#10 3.385 (2/13) Installing c-ares (1.34.5-r0)
#10 3.405 (3/13) Installing libunistring (1.2-r0)
#10 3.487 (4/13) Installing libidn2 (2.3.7-r0)
#10 3.508 (5/13) Installing nghttp2-libs (1.64.0-r0)
#10 3.528 (6/13) Installing libpsl (0.21.5-r3)
#10 3.549 (7/13) Installing zstd-libs (1.5.6-r2)
#10 3.582 (8/13) Installing libcurl (8.12.1-r1)
#10 3.612 (9/13) Installing libexpat (2.7.0-r0)
#10 3.630 (10/13) Installing pcre2 (10.43-r0)
#10 3.659 (11/13) Installing git (2.47.3-r0)
#10 3.880 (12/13) Installing git-init-template (2.47.3-r0)
#10 3.896 (13/13) Installing make (4.4.1-r2)
#10 3.916 Executing busybox-1.37.0-r9.trigger
#10 3.922 OK: 19 MiB in 29 packages
#10 DONE 4.0s

#11 [builder 3/8] WORKDIR /build
#11 DONE 0.0s

#12 [builder 4/8] COPY go.mod go.sum ./
#12 DONE 0.0s

#13 [builder 5/8] RUN go mod download
#13 0.124 go: go.mod requires go >= 1.24.4 (running go 1.22.12; GOTOOLCHAIN=local)
#13 ERROR: process "/bin/sh -c go mod download" did not complete successfully: exit code: 1
------
 > [builder 5/8] RUN go mod download:
0.124 go: go.mod requires go >= 1.24.4 (running go 1.22.12; GOTOOLCHAIN=local)
------
Dockerfile:15
--------------------
  13 |     
  14 |     # Download dependencies
  15 | >>> RUN go mod download
  16 |     
  17 |     # Copy source code
--------------------
ERROR: failed to build: failed to solve: process "/bin/sh -c go mod download" did not complete successfully: exit code: 1
